[+] texture RGB 0 -> /workspace/htb_noclip/outputs/textures/tex_rgb_000_43x21.png
[+] single texture -> /workspace/htb_noclip/outputs/textures/tex_single_001_1024x906.png
[+] texture group 0:0 -> /workspace/htb_noclip/outputs/textures/tex_group00_000_128x128.png
[+] texture group 0:1 -> /workspace/htb_noclip/outputs/textures/tex_group00_001_128x128.png
[+] texture group 0:2 -> /workspace/htb_noclip/outputs/textures/tex_group00_002_128x128.png
[+] texture group 0:3 -> /workspace/htb_noclip/outputs/textures/tex_group00_003_128x128.png
[+] texture group 0:4 -> /workspace/htb_noclip/outputs/textures/tex_group00_004_128x128.png
[+] texture group 0:5 -> /workspace/htb_noclip/outputs/textures/tex_group00_005_128x128.png
[+] texture group 0:6 -> /workspace/htb_noclip/outputs/textures/tex_group00_006_128x128.png
[+] texture group 0:7 -> /workspace/htb_noclip/outputs/textures/tex_group00_007_128x128.png
[+] texture group 0:8 -> /workspace/htb_noclip/outputs/textures/tex_group00_008_128x128.png
[+] texture group 0:9 -> /workspace/htb_noclip/outputs/textures/tex_group00_009_128x128.png
[+] texture group 0:10 -> /workspace/htb_noclip/outputs/textures/tex_group00_010_128x128.png
[+] texture group 0:11 -> /workspace/htb_noclip/outputs/textures/tex_group00_011_128x128.png
[+] texture group 0:12 -> /workspace/htb_noclip/outputs/textures/tex_group00_012_128x128.png
[+] texture group 0:13 -> /workspace/htb_noclip/outputs/textures/tex_group00_013_128x128.png
[+] texture group 0:14 -> /workspace/htb_noclip/outputs/textures/tex_group00_014_128x128.png
[+] texture group 0:15 -> /workspace/htb_noclip/outputs/textures/tex_group00_015_128x128.png
[+] texture group 0:16 -> /workspace/htb_noclip/outputs/textures/tex_group00_016_128x128.png
[+] texture group 0:17 -> /workspace/htb_noclip/outputs/textures/tex_group00_017_128x128.png
[!] unknown chunk 49344, stopping
[*] done
