Buscando nombres de archivo que generen hashes 0e...
============================================================

Probando prefijos de 1-3 caracteres antes de flag.php...
  Longitud 1...
  Longitud 2...

¡¡¡ENCONTRADO!!!
  Filename: 'eMflag.php'
  Test flag: 'flag'
  Hash: 0e217092

  Probando en servidor real...
    No funcionó en servidor real (el $flag real es diferente)

¡¡¡ENCONTRADO!!!
  Filename: 'zqflag.php'
  Test flag: 'secret'
  Hash: 0e080196

  Probando en servidor real...
    No funcionó en servidor real (el $flag real es diferente)

¡¡¡ENCONTRADO!!!
  Filename: 'Gfflag.php'
  Test flag: ''
  Hash: 0e356846

  Probando en servidor real...
    No funcionó en servidor real (el $flag real es diferente)

¡¡¡ENCONTRADO!!!
  Filename: 'Nzflag.php'
  Test flag: ''
  Hash: 0e909112

  Probando en servidor real...
    No funcionó en servidor real (el $flag real es diferente)

¡¡¡ENCONTRADO!!!
  Filename: 'Twflag.php'
  Test flag: ''
  Hash: 0e672201

  Probando en servidor real...
    No funcionó en servidor real (el $flag real es diferente)

¡¡¡ENCONTRADO!!!
  Filename: 'XDflag.php'
  Test flag: 'flag'
  Hash: 0e727034

  Probando en servidor real...
    No funcionó en servidor real (el $flag real es diferente)

¡¡¡ENCONTRADO!!!
  Filename: 'Y5flag.php'
  Test flag: 'WEBSEC'
  Hash: 0e339916

  Probando en servidor real...
    No funcionó en servidor real (el $flag real es diferente)

¡¡¡ENCONTRADO!!!
  Filename: '3Qflag.php'
  Test flag: 'flag'
  Hash: 0e499965

  Probando en servidor real...
    No funcionó en servidor real (el $flag real es diferente)
  Longitud 3...

¡¡¡ENCONTRADO!!!
  Filename: 'ay6flag.php'
  Test flag: 'WEBSEC'
  Hash: 0e572766

  Probando en servidor real...
    No funcionó en servidor real (el $flag real es diferente)

¡¡¡ENCONTRADO!!!
  Filename: 'a3vflag.php'
  Test flag: ''
  Hash: 0e155233

  Probando en servidor real...
    No funcionó en servidor real (el $flag real es diferente)

¡¡¡ENCONTRADO!!!
  Filename: 'bdiflag.php'
  Test flag: 'flag'
  Hash: 0e063392

  Probando en servidor real...
    No funcionó en servidor real (el $flag real es diferente)

¡¡¡ENCONTRADO!!!
  Filename: 'blrflag.php'
  Test flag: 'x'
  Hash: 0e850228

  Probando en servidor real...
    No funcionó en servidor real (el $flag real es diferente)

¡¡¡ENCONTRADO!!!
  Filename: 'bo9flag.php'
  Test flag: 'test'
  Hash: 0e320875

  Probando en servidor real...
    No funcionó en servidor real (el $flag real es diferente)

¡¡¡ENCONTRADO!!!
  Filename: 'bu.flag.php'
  Test flag: 'key'
  Hash: 0e981088

  Probando en servidor real...
    No funcionó en servidor real (el $flag real es diferente)

¡¡¡ENCONTRADO!!!
  Filename: 'cfkflag.php'
  Test flag: ''
  Hash: 0e593801

  Probando en servidor real...
    No funcionó en servidor real (el $flag real es diferente)

¡¡¡ENCONTRADO!!!
  Filename: 'ckgflag.php'
  Test flag: 'WEBSEC'
  Hash: 0e743531

  Probando en servidor real...
    No funcionó en servidor real (el $flag real es diferente)

¡¡¡ENCONTRADO!!!
  Filename: 'c5uflag.php'
  Test flag: 'WEBSEC'
  Hash: 0e007624

  Probando en servidor real...
    No funcionó en servidor real (el $flag real es diferente)

¡¡¡ENCONTRADO!!!
  Filename: 'da4flag.php'
  Test flag: 'flag'
  Hash: 0e538315

  Probando en servidor real...
    No funcionó en servidor real (el $flag real es diferente)

¡¡¡ENCONTRADO!!!
  Filename: 'd.3flag.php'
  Test flag: 'abc'
  Hash: 0e766408

  Probando en servidor real...
    No funcionó en servidor real (el $flag real es diferente)
    Probados: 100,000

¡¡¡ENCONTRADO!!!
  Filename: 'eziflag.php'
  Test flag: 'flag'
  Hash: 0e438398

  Probando en servidor real...
    No funcionó en servidor real (el $flag real es diferente)

¡¡¡ENCONTRADO!!!
  Filename: 'fbxflag.php'
  Test flag: 'x'
  Hash: 0e841454

  Probando en servidor real...
    No funcionó en servidor real (el $flag real es diferente)

¡¡¡ENCONTRADO!!!
  Filename: 'fhcflag.php'
  Test flag: 'test'
  Hash: 0e943876

  Probando en servidor real...
    No funcionó en servidor real (el $flag real es diferente)

¡¡¡ENCONTRADO!!!
  Filename: 'flpflag.php'
  Test flag: 'abc'
  Hash: 0e210982

  Probando en servidor real...
    No funcionó en servidor real (el $flag real es diferente)

¡¡¡ENCONTRADO!!!
  Filename: 'foxflag.php'
  Test flag: 'abc'
  Hash: 0e957721

  Probando en servidor real...
    No funcionó en servidor real (el $flag real es diferente)

¡¡¡ENCONTRADO!!!
  Filename: 'furflag.php'
  Test flag: 'key'
  Hash: 0e690715

  Probando en servidor real...
    No funcionó en servidor real (el $flag real es diferente)

¡¡¡ENCONTRADO!!!
  Filename: 'g4fflag.php'
  Test flag: 'flag'
  Hash: 0e611825

  Probando en servidor real...
    No funcionó en servidor real (el $flag real es diferente)

¡¡¡ENCONTRADO!!!
  Filename: 'hbaflag.php'
  Test flag: 'x'
  Hash: 0e394327

  Probando en servidor real...
    No funcionó en servidor real (el $flag real es diferente)

¡¡¡ENCONTRADO!!!
  Filename: 'hbyflag.php'
  Test flag: 'test'
  Hash: 0e002817

  Probando en servidor real...
    No funcionó en servidor real (el $flag real es diferente)

¡¡¡ENCONTRADO!!!
  Filename: 'hgkflag.php'
  Test flag: 'XX'
  Hash: 0e098855

  Probando en servidor real...
    No funcionó en servidor real (el $flag real es diferente)

¡¡¡ENCONTRADO!!!
  Filename: 'hhpflag.php'
  Test flag: 'secret'
  Hash: 0e459278

  Probando en servidor real...
    No funcionó en servidor real (el $flag real es diferente)

¡¡¡ENCONTRADO!!!
  Filename: 'hnwflag.php'
  Test flag: 'XX'
  Hash: 0e418925

  Probando en servidor real...
    No funcionó en servidor real (el $flag real es diferente)

¡¡¡ENCONTRADO!!!
  Filename: 'h6hflag.php'
  Test flag: 'abc'
  Hash: 0e395602

  Probando en servidor real...
    No funcionó en servidor real (el $flag real es diferente)

¡¡¡ENCONTRADO!!!
  Filename: 'i9zflag.php'
  Test flag: 'secret'
  Hash: 0e045646

  Probando en servidor real...
    No funcionó en servidor real (el $flag real es diferente)

¡¡¡ENCONTRADO!!!
  Filename: 'je9flag.php'
  Test flag: ''
  Hash: 0e880386

  Probando en servidor real...
    No funcionó en servidor real (el $flag real es diferente)

¡¡¡ENCONTRADO!!!
  Filename: 'jgiflag.php'
  Test flag: 'XX'
  Hash: 0e144614

  Probando en servidor real...
    No funcionó en servidor real (el $flag real es diferente)

¡¡¡ENCONTRADO!!!
  Filename: 'jk9flag.php'
  Test flag: 'secret'
  Hash: 0e205391

  Probando en servidor real...
    No funcionó en servidor real (el $flag real es diferente)

¡¡¡ENCONTRADO!!!
  Filename: 'jq6flag.php'
  Test flag: 'secret'
  Hash: 0e083837

  Probando en servidor real...
    No funcionó en servidor real (el $flag real es diferente)

¡¡¡ENCONTRADO!!!
  Filename: 'j75flag.php'
  Test flag: 'WEBSEC'
  Hash: 0e936549

  Probando en servidor real...
    No funcionó en servidor real (el $flag real es diferente)

¡¡¡ENCONTRADO!!!
  Filename: 'k//flag.php'
  Test flag: 'test'
  Hash: 0e298247

  Probando en servidor real...
    No funcionó en servidor real (el $flag real es diferente)
    Probados: 200,000

¡¡¡ENCONTRADO!!!
  Filename: 'l02flag.php'
  Test flag: 'test'
  Hash: 0e250962

  Probando en servidor real...
    No funcionó en servidor real (el $flag real es diferente)

¡¡¡ENCONTRADO!!!
  Filename: 'l3bflag.php'
  Test flag: 'test'
  Hash: 0e857412

  Probando en servidor real...
    No funcionó en servidor real (el $flag real es diferente)

¡¡¡ENCONTRADO!!!
  Filename: 'l9hflag.php'
  Test flag: 'WEBSEC'
  Hash: 0e523876

  Probando en servidor real...
    No funcionó en servidor real (el $flag real es diferente)

¡¡¡ENCONTRADO!!!
  Filename: 'mc6flag.php'
  Test flag: 'WEBSEC'
  Hash: 0e851428

  Probando en servidor real...
    No funcionó en servidor real (el $flag real es diferente)

¡¡¡ENCONTRADO!!!
  Filename: 'm59flag.php'
  Test flag: 'test'
  Hash: 0e791082

  Probando en servidor real...
    No funcionó en servidor real (el $flag real es diferente)

¡¡¡ENCONTRADO!!!
  Filename: 'm-sflag.php'
  Test flag: 'secret'
  Hash: 0e476082