3485  execve("/workspace/babygame03/game", ["/workspace/babygame03/game"], 0x7ffcadffa198 /* 27 vars */) = 0
3485  brk(NULL)                         = 0x9967000
3485  mmap2(NULL, 8192, PROT_READ|PROT_WRITE, MAP_PRIVATE|MAP_ANONYMOUS, -1, 0) = 0xf7eca000
3485  access("/etc/ld.so.preload", R_OK) = -1 ENOENT (No such file or directory)
3485  openat(AT_FDCWD, "/etc/ld.so.cache", O_RDONLY|O_LARGEFILE|O_CLOEXEC) = 5
3485  statx(5, "", AT_STATX_SYNC_AS_STAT|AT_NO_AUTOMOUNT|AT_EMPTY_PATH, STATX_BASIC_STATS, {stx_mask=STATX_BASIC_STATS|STATX_MNT_ID, stx_attributes=0, stx_mode=S_IFREG|0644, stx_size=24791, ...}) = 0
3485  mmap2(NULL, 24791, PROT_READ, MAP_PRIVATE, 5, 0) = 0xf7ec3000
3485  close(5)                          = 0
3485  openat(AT_FDCWD, "/lib32/libc.so.6", O_RDONLY|O_LARGEFILE|O_CLOEXEC) = 5
3485  read(5, "\177ELF\1\1\1\3\0\0\0\0\0\0\0\0\3\0\3\0\1\0\0\0\300P\2\0004\0\0\0"..., 512) = 512
3485  statx(5, "", AT_STATX_SYNC_AS_STAT|AT_NO_AUTOMOUNT|AT_EMPTY_PATH, STATX_BASIC_STATS, {stx_mask=STATX_BASIC_STATS|STATX_MNT_ID, stx_attributes=0, stx_mode=S_IFREG|0755, stx_size=2323248, ...}) = 0
3485  mmap2(NULL, 2357552, PROT_READ, MAP_PRIVATE|MAP_DENYWRITE, 5, 0) = 0xf7c83000
3485  mmap2(0xf7ca6000, 1617920, PROT_READ|PROT_EXEC, MAP_PRIVATE|MAP_FIXED|MAP_DENYWRITE, 5, 0x23000) = 0xf7ca6000
3485  mmap2(0xf7e31000, 544768, PROT_READ, MAP_PRIVATE|MAP_FIXED|MAP_DENYWRITE, 5, 0x1ae000) = 0xf7e31000
3485  mmap2(0xf7eb6000, 12288, PROT_READ|PROT_WRITE, MAP_PRIVATE|MAP_FIXED|MAP_DENYWRITE, 5, 0x233000) = 0xf7eb6000
3485  mmap2(0xf7eb9000, 39216, PROT_READ|PROT_WRITE, MAP_PRIVATE|MAP_FIXED|MAP_ANONYMOUS, -1, 0) = 0xf7eb9000
3485  close(5)                          = 0
3485  set_thread_area({entry_number=-1, base_addr=0xf7ecb500, limit=0x0fffff, seg_32bit=1, contents=0, read_exec_only=0, limit_in_pages=1, seg_not_present=0, useable=1}) = 0 (entry_number=12)
3485  set_tid_address(0xf7ecb568)       = 3485
3485  set_robust_list(0xf7ecb56c, 12)   = 0
3485  rseq(0xf7ecb480, 0x20, 0, 0x53053053) = 0
3485  mprotect(0xf7eb6000, 8192, PROT_READ) = 0
3485  mprotect(0x804b000, 4096, PROT_READ) = 0
3485  mprotect(0xf7f06000, 8192, PROT_READ) = 0
3485  ugetrlimit(RLIMIT_STACK, {rlim_cur=8192*1024, rlim_max=RLIM_INFINITY}) = 0
3485  munmap(0xf7ec3000, 24791)         = 0
3485  statx(1, "", AT_STATX_SYNC_AS_STAT|AT_NO_AUTOMOUNT|AT_EMPTY_PATH, STATX_BASIC_STATS, {stx_mask=STATX_BASIC_STATS|STATX_MNT_ID, stx_attributes=0, stx_mode=S_IFCHR|0666, stx_size=0, ...}) = 0
3485  ioctl(1, TCGETS, 0xffe1dba8)      = -1 ENOTTY (Inappropriate ioctl for device)
3485  getrandom("\x08\x4e\x5f\xff", 4, GRND_NONBLOCK) = 4
3485  brk(NULL)                         = 0x9967000
3485  brk(0x9988000)                    = 0x9988000
3485  brk(0x9989000)                    = 0x9989000
3485  write(1, "\33[2J", 4)             = 4
3485  write(1, "Player position: 4 4\nLevel: 1\nEn"..., 2800) = 2800
3485  rt_sigaction(SIGINT, {sa_handler=0x8049216, sa_mask=[INT], sa_flags=SA_RESTART}, {sa_handler=SIG_DFL, sa_mask=[], sa_flags=0}, 8) = 0
3485  statx(0, "", AT_STATX_SYNC_AS_STAT|AT_NO_AUTOMOUNT|AT_EMPTY_PATH, STATX_BASIC_STATS, {stx_mask=STATX_BASIC_STATS|STATX_MNT_ID, stx_attributes=0, stx_mode=S_IFIFO|0600, stx_size=0, ...}) = 0
3485  read(0, "z\n", 4096)              = 2
3485  write(1, "\33[2J", 4)             = 4
3485  write(1, "Player position: 4 4\nLevel: 1\nEn"..., 2800) = 2800
3485  write(1, "\33[2J", 4)             = 4
3485  write(1, "Player position: 4 4\nLevel: 1\nEn"..., 2800) = 2800
3485  read(0, "", 4096)                 = 0
3485  write(1, "\33[2J", 4)             = 4
3485  write(1, "Player position: 4 4\nLevel: 1\nEn"..., 2800) = 2800
3485  write(1, "\33[2J", 4)             = 4
3485  write(1, "Player position: 4 4\nLevel: 1\nEn"..., 2800) = 2800
3485  write(1, "\33[2J", 4)             = 4
3485  write(1, "Player position: 4 4\nLevel: 1\nEn"..., 2800) = 2800
3485  write(1, "\33[2J", 4)             = 4
3485  write(1, "Player position: 4 4\nLevel: 1\nEn"..., 2800) = 2800
3485  write(1, "\33[2J", 4)             = 4
3485  write(1, "Player position: 4 4\nLevel: 1\nEn"..., 2800) = 2800
3485  write(1, "\33[2J", 4)             = 4
3485  write(1, "Player position: 4 4\nLevel: 1\nEn"..., 2800) = 2800
3485  write(1, "\33[2J", 4)             = 4
3485  write(1, "Player position: 4 4\nLevel: 1\nEn"..., 2800) = 2800
3485  write(1, "\33[2J", 4)             = 4
3485  write(1, "Player position: 4 4\nLevel: 1\nEn"..., 2800) = 2800
3485  write(1, "\33[2J", 4)             = 4
3485  write(1, "Player position: 4 4\nLevel: 1\nEn"..., 2800) = 2800
3485  write(1, "\33[2J", 4)             = 4
3485  write(1, "Player position: 4 4\nLevel: 1\nEn"..., 2800) = 2800
3485  write(1, "\33[2J", 4)             = 4
3485  write(1, "Player position: 4 4\nLevel: 1\nEn"..., 2800) = 2800
3485  write(1, "\33[2J", 4)             = 4
3485  write(1, "Player position: 4 4\nLevel: 1\nEn"..., 2800) = 2800
3485  write(1, "\33[2J", 4)             = 4
3485  write(1, "Player position: 4 4\nLevel: 1\nEn"..., 2800) = 2800
3485  write(1, "\33[2J", 4)             = 4
3485  write(1, "Player position: 4 4\nLevel: 1\nEn"..., 2800) = 2800
3485  write(1, "\33[2J", 4)             = 4
3485  write(1, "Player position: 4 4\nLevel: 1\nEn"..., 2800) = 2800
3485  write(1, "\33[2J", 4)             = 4
3485  write(1, "Player position: 4 4\nLevel: 1\nEn"..., 2800) = 2800
3485  write(1, "\33[2J", 4)             = 4
3485  write(1, "Player position: 4 4\nLevel: 1\nEn"..., 2800) = 2800
3485  write(1, "\33[2J", 4)             = 4
3485  write(1, "Player position: 4 4\nLevel: 1\nEn"..., 2800) = 2800
3485  write(1, "\33[2J", 4)             = 4
3485  write(1, "Player position: 4 4\nLevel: 1\nEn"..., 2800) = 2800
3485  write(1, "\33[2J", 4)             = 4
3485  write(1, "Player position: 4 4\nLevel: 1\nEn"..., 2800) = 2800
3485  write(1, "\33[2J", 4)             = 4
3485  write(1, "Player position: 4 4\nLevel: 1\nEn"..., 2800) = 2800
3485  write(1, "\33[2J", 4)             = 4
3485  write(1, "Player position: 4 4\nLevel: 1\nEn"..., 2800) = 2800
3485  write(1, "\33[2J", 4)             = 4
3485  write(1, "Player position: 4 4\nLevel: 1\nEn"..., 2800) = 2800
3485  write(1, "\33[2J", 4)             = 4
3485  write(1, "Player position: 4 4\nLevel: 1\nEn"..., 2800) = 2800
3485  write(1, "\33[2J", 4)             = 4
3485  write(1, "Player position: 4 4\nLevel: 1\nEn"..., 2800) = 2800
3485  write(1, "\33[2J", 4)             = 4
3485  write(1, "Player position: 4 4\nLevel: 1\nEn"..., 2800) = 2800
3485  write(1, "\33[2J", 4)             = 4
3485  write(1, "Player position: 4 4\nLevel: 1\nEn"..., 2800) = 2800
3485  write(1, "\33[2J", 4)             = 4
3485  write(1, "Player position: 4 4\nLevel: 1\nEn"..., 2800) = 2800
3485  write(1, "\33[2J", 4)             = 4
3485  write(1, "Player position: 4 4\nLevel: 1\nEn"..., 2800) = 2800
3485  write(1, "\33[2J", 4)             = 4
3485  write(1, "Player position: 4 4\nLevel: 1\nEn"..., 2800) = 2800
3485  write(1, "\33[2J", 4)             = 4
3485  write(1, "Player position: 4 4\nLevel: 1\nEn"..., 2800) = 2800
3485  write(1, "\33[2J", 4)             = 4
3485  write(1, "Player position: 4 4\nLevel: 1\nEn"..., 2800) = 2800
3485  write(1, "\33[2J", 4)             = 4
3485  write(1, "Player position: 4 4\nLevel: 1\nEn"..., 2800) = 2800
3485  write(1, "\33[2J", 4)             = 4
3485  write(1, "Player position: 4 4\nLevel: 1\nEn"..., 2800) = 2800
3485  write(1, "\33[2J", 4)             = 4
3485  write(1, "Player position: 4 4\nLevel: 1\nEn"..., 2800) = 2800
3485  write(1, "\33[2J", 4)             = 4
3485  write(1, "Player position: 4 4\nLevel: 1\nEn"..., 2800) = 2800
3485  write(1, "\33[2J", 4)             = 4
3485  write(1, "Player position: 4 4\nLevel: 1\nEn"..., 2800) = 2800
3485  write(1, "\33[2J", 4)             = 4
3485  write(1, "Player position: 4 4\nLevel: 1\nEn"..., 2800) = 2800
3485  write(1, "\33[2J", 4)             = 4
3485  write(1, "Player position: 4 4\nLevel: 1\nEn"..., 2799) = 2799
3485  write(1, "\33[2J", 4)             = 4
3485  write(1, "Player position: 4 4\nLevel: 1\nEn"..., 2799) = 2799
3485  write(1, "\33[2J", 4)             = 4
3485  write(1, "Player position: 4 4\nLevel: 1\nEn"..., 2799) = 2799
3485  write(1, "\33[2J", 4)             = 4
3485  write(1, "Player position: 4 4\nLevel: 1\nEn"..., 2799) = 2799
3485  write(1, "\33[2J", 4)             = 4
3485  write(1, "Player position: 4 4\nLevel: 1\nEn"..., 2799) = 2799
3485  write(1, "\33[2J", 4)             = 4
3485  write(1, "Player position: 4 4\nLevel: 1\nEn"..., 2799) = 2799
3485  write(1, "\33[2J", 4)             = 4
3485  write(1, "Player position: 4 4\nLevel: 1\nEn"..., 2799) = 2799
3485  write(1, "\33[2J", 4)             = 4
3485  write(1, "Player position: 4 4\nLevel: 1\nEn"..., 2799) = 2799
3485  write(1, "\33[2J", 4)             = 4
3485  write(1, "Player position: 4 4\nLevel: 1\nEn"..., 2799) = 2799
3485  write(1, "\33[2J", 4)             = 4
3485  write(1, "Player position: 4 4\nLevel: 1\nEn"..., 2799) = 2799
3485  write(1, "No more lives left. Game over!\n", 31) = 31
3485  exit_group(0)                     = ?
3485  +++ exited with 0 +++
