3449  execve("/workspace/babygame03/game", ["/workspace/babygame03/game"], 0x7ffca270ec88 /* 27 vars */) = 0
3449  brk(NULL)                         = 0x8ac9000
3449  mmap2(NULL, 8192, PROT_READ|PROT_WRITE, MAP_PRIVATE|MAP_ANONYMOUS, -1, 0) = 0xf7fa7000
3449  access("/etc/ld.so.preload", R_OK) = -1 ENOENT (No such file or directory)
3449  openat(AT_FDCWD, "/etc/ld.so.cache", O_RDONLY|O_LARGEFILE|O_CLOEXEC) = 5
3449  statx(5, "", AT_STATX_SYNC_AS_STAT|AT_NO_AUTOMOUNT|AT_EMPTY_PATH, STATX_BASIC_STATS, {stx_mask=STATX_BASIC_STATS|STATX_MNT_ID, stx_attributes=0, stx_mode=S_IFREG|0644, stx_size=24791, ...}) = 0
3449  mmap2(NULL, 24791, PROT_READ, MAP_PRIVATE, 5, 0) = 0xf7fa0000
3449  close(5)                          = 0
3449  openat(AT_FDCWD, "/lib32/libc.so.6", O_RDONLY|O_LARGEFILE|O_CLOEXEC) = 5
3449  read(5, "\177ELF\1\1\1\3\0\0\0\0\0\0\0\0\3\0\3\0\1\0\0\0\300P\2\0004\0\0\0"..., 512) = 512
3449  statx(5, "", AT_STATX_SYNC_AS_STAT|AT_NO_AUTOMOUNT|AT_EMPTY_PATH, STATX_BASIC_STATS, {stx_mask=STATX_BASIC_STATS|STATX_MNT_ID, stx_attributes=0, stx_mode=S_IFREG|0755, stx_size=2323248, ...}) = 0
3449  mmap2(NULL, 2357552, PROT_READ, MAP_PRIVATE|MAP_DENYWRITE, 5, 0) = 0xf7d60000
3449  mmap2(0xf7d83000, 1617920, PROT_READ|PROT_EXEC, MAP_PRIVATE|MAP_FIXED|MAP_DENYWRITE, 5, 0x23000) = 0xf7d83000
3449  mmap2(0xf7f0e000, 544768, PROT_READ, MAP_PRIVATE|MAP_FIXED|MAP_DENYWRITE, 5, 0x1ae000) = 0xf7f0e000
3449  mmap2(0xf7f93000, 12288, PROT_READ|PROT_WRITE, MAP_PRIVATE|MAP_FIXED|MAP_DENYWRITE, 5, 0x233000) = 0xf7f93000
3449  mmap2(0xf7f96000, 39216, PROT_READ|PROT_WRITE, MAP_PRIVATE|MAP_FIXED|MAP_ANONYMOUS, -1, 0) = 0xf7f96000
3449  close(5)                          = 0
3449  set_thread_area({entry_number=-1, base_addr=0xf7fa8500, limit=0x0fffff, seg_32bit=1, contents=0, read_exec_only=0, limit_in_pages=1, seg_not_present=0, useable=1}) = 0 (entry_number=12)
3449  set_tid_address(0xf7fa8568)       = 3449
3449  set_robust_list(0xf7fa856c, 12)   = 0
3449  rseq(0xf7fa8480, 0x20, 0, 0x53053053) = 0
3449  mprotect(0xf7f93000, 8192, PROT_READ) = 0
3449  mprotect(0x804b000, 4096, PROT_READ) = 0
3449  mprotect(0xf7fe3000, 8192, PROT_READ) = 0
3449  ugetrlimit(RLIMIT_STACK, {rlim_cur=8192*1024, rlim_max=RLIM_INFINITY}) = 0
3449  munmap(0xf7fa0000, 24791)         = 0
3449  statx(1, "", AT_STATX_SYNC_AS_STAT|AT_NO_AUTOMOUNT|AT_EMPTY_PATH, STATX_BASIC_STATS, {stx_mask=STATX_BASIC_STATS|STATX_MNT_ID, stx_attributes=0, stx_mode=S_IFCHR|0666, stx_size=0, ...}) = 0
3449  ioctl(1, TCGETS, 0xff9cc4a8)      = -1 ENOTTY (Inappropriate ioctl for device)
3449  getrandom("\x35\xc5\x11\x1f", 4, GRND_NONBLOCK) = 4
3449  brk(NULL)                         = 0x8ac9000
3449  brk(0x8aea000)                    = 0x8aea000
3449  brk(0x8aeb000)                    = 0x8aeb000
3449  write(1, "\33[2J", 4)             = 4
3449  write(1, "Player position: 4 4\nLevel: 1\nEn"..., 2800) = 2800
3449  rt_sigaction(SIGINT, {sa_handler=0x8049216, sa_mask=[INT], sa_flags=SA_RESTART}, {sa_handler=SIG_DFL, sa_mask=[], sa_flags=0}, 8) = 0
3449  statx(0, "", AT_STATX_SYNC_AS_STAT|AT_NO_AUTOMOUNT|AT_EMPTY_PATH, STATX_BASIC_STATS, {stx_mask=STATX_BASIC_STATS|STATX_MNT_ID, stx_attributes=0, stx_mode=S_IFIFO|0600, stx_size=0, ...}) = 0
3449  read(0, "m\n", 4096)              = 2
3449  write(1, "\33[2J", 4)             = 4
3449  write(1, "Player position: 4 4\nLevel: 1\nEn"..., 2800) = 2800
3449  write(1, "\33[2J", 4)             = 4
3449  write(1, "Player position: 4 4\nLevel: 1\nEn"..., 2800) = 2800
3449  read(0, "", 4096)                 = 0
3449  write(1, "\33[2J", 4)             = 4
3449  write(1, "Player position: 4 4\nLevel: 1\nEn"..., 2800) = 2800
3449  write(1, "\33[2J", 4)             = 4
3449  write(1, "Player position: 4 4\nLevel: 1\nEn"..., 2800) = 2800
3449  write(1, "\33[2J", 4)             = 4
3449  write(1, "Player position: 4 4\nLevel: 1\nEn"..., 2800) = 2800
3449  write(1, "\33[2J", 4)             = 4
3449  write(1, "Player position: 4 4\nLevel: 1\nEn"..., 2800) = 2800
3449  write(1, "\33[2J", 4)             = 4
3449  write(1, "Player position: 4 4\nLevel: 1\nEn"..., 2800) = 2800
3449  write(1, "\33[2J", 4)             = 4
3449  write(1, "Player position: 4 4\nLevel: 1\nEn"..., 2800) = 2800
3449  write(1, "\33[2J", 4)             = 4
3449  write(1, "Player position: 4 4\nLevel: 1\nEn"..., 2800) = 2800
3449  write(1, "\33[2J", 4)             = 4
3449  write(1, "Player position: 4 4\nLevel: 1\nEn"..., 2800) = 2800
3449  write(1, "\33[2J", 4)             = 4
3449  write(1, "Player position: 4 4\nLevel: 1\nEn"..., 2800) = 2800
3449  write(1, "\33[2J", 4)             = 4
3449  write(1, "Player position: 4 4\nLevel: 1\nEn"..., 2800) = 2800
3449  write(1, "\33[2J", 4)             = 4
3449  write(1, "Player position: 4 4\nLevel: 1\nEn"..., 2800) = 2800
3449  write(1, "\33[2J", 4)             = 4
3449  write(1, "Player position: 4 4\nLevel: 1\nEn"..., 2800) = 2800
3449  write(1, "\33[2J", 4)             = 4
3449  write(1, "Player position: 4 4\nLevel: 1\nEn"..., 2800) = 2800
3449  write(1, "\33[2J", 4)             = 4
3449  write(1, "Player position: 4 4\nLevel: 1\nEn"..., 2800) = 2800
3449  write(1, "\33[2J", 4)             = 4
3449  write(1, "Player position: 4 4\nLevel: 1\nEn"..., 2800) = 2800
3449  write(1, "\33[2J", 4)             = 4
3449  write(1, "Player position: 4 4\nLevel: 1\nEn"..., 2800) = 2800
3449  write(1, "\33[2J", 4)             = 4
3449  write(1, "Player position: 4 4\nLevel: 1\nEn"..., 2800) = 2800
3449  write(1, "\33[2J", 4)             = 4
3449  write(1, "Player position: 4 4\nLevel: 1\nEn"..., 2800) = 2800
3449  write(1, "\33[2J", 4)             = 4
3449  write(1, "Player position: 4 4\nLevel: 1\nEn"..., 2800) = 2800
3449  write(1, "\33[2J", 4)             = 4
3449  write(1, "Player position: 4 4\nLevel: 1\nEn"..., 2800) = 2800
3449  write(1, "\33[2J", 4)             = 4
3449  write(1, "Player position: 4 4\nLevel: 1\nEn"..., 2800) = 2800
3449  write(1, "\33[2J", 4)             = 4
3449  write(1, "Player position: 4 4\nLevel: 1\nEn"..., 2800) = 2800
3449  write(1, "\33[2J", 4)             = 4
3449  write(1, "Player position: 4 4\nLevel: 1\nEn"..., 2800) = 2800
3449  write(1, "\33[2J", 4)             = 4
3449  write(1, "Player position: 4 4\nLevel: 1\nEn"..., 2800) = 2800
3449  write(1, "\33[2J", 4)             = 4
3449  write(1, "Player position: 4 4\nLevel: 1\nEn"..., 2800) = 2800
3449  write(1, "\33[2J", 4)             = 4
3449  write(1, "Player position: 4 4\nLevel: 1\nEn"..., 2800) = 2800
3449  write(1, "\33[2J", 4)             = 4
3449  write(1, "Player position: 4 4\nLevel: 1\nEn"..., 2800) = 2800
3449  write(1, "\33[2J", 4)             = 4
3449  write(1, "Player position: 4 4\nLevel: 1\nEn"..., 2800) = 2800
3449  write(1, "\33[2J", 4)             = 4
3449  write(1, "Player position: 4 4\nLevel: 1\nEn"..., 2800) = 2800
3449  write(1, "\33[2J", 4)             = 4
3449  write(1, "Player position: 4 4\nLevel: 1\nEn"..., 2800) = 2800
3449  write(1, "\33[2J", 4)             = 4
3449  write(1, "Player position: 4 4\nLevel: 1\nEn"..., 2800) = 2800
3449  write(1, "\33[2J", 4)             = 4
3449  write(1, "Player position: 4 4\nLevel: 1\nEn"..., 2800) = 2800
3449  write(1, "\33[2J", 4)             = 4
3449  write(1, "Player position: 4 4\nLevel: 1\nEn"..., 2800) = 2800
3449  write(1, "\33[2J", 4)             = 4
3449  write(1, "Player position: 4 4\nLevel: 1\nEn"..., 2800) = 2800
3449  write(1, "\33[2J", 4)             = 4
3449  write(1, "Player position: 4 4\nLevel: 1\nEn"..., 2800) = 2800
3449  write(1, "\33[2J", 4)             = 4
3449  write(1, "Player position: 4 4\nLevel: 1\nEn"..., 2800) = 2800
3449  write(1, "\33[2J", 4)             = 4
3449  write(1, "Player position: 4 4\nLevel: 1\nEn"..., 2800) = 2800
3449  write(1, "\33[2J", 4)             = 4
3449  write(1, "Player position: 4 4\nLevel: 1\nEn"..., 2800) = 2800
3449  write(1, "\33[2J", 4)             = 4
3449  write(1, "Player position: 4 4\nLevel: 1\nEn"..., 2799) = 2799
3449  write(1, "\33[2J", 4)             = 4
3449  write(1, "Player position: 4 4\nLevel: 1\nEn"..., 2799) = 2799
3449  write(1, "\33[2J", 4)             = 4
3449  write(1, "Player position: 4 4\nLevel: 1\nEn"..., 2799) = 2799
3449  write(1, "\33[2J", 4)             = 4
3449  write(1, "Player position: 4 4\nLevel: 1\nEn"..., 2799) = 2799
3449  write(1, "\33[2J", 4)             = 4
3449  write(1, "Player position: 4 4\nLevel: 1\nEn"..., 2799) = 2799
3449  write(1, "\33[2J", 4)             = 4
3449  write(1, "Player position: 4 4\nLevel: 1\nEn"..., 2799) = 2799
3449  write(1, "\33[2J", 4)             = 4
3449  write(1, "Player position: 4 4\nLevel: 1\nEn"..., 2799) = 2799
3449  write(1, "\33[2J", 4)             = 4
3449  write(1, "Player position: 4 4\nLevel: 1\nEn"..., 2799) = 2799
3449  write(1, "\33[2J", 4)             = 4
3449  write(1, "Player position: 4 4\nLevel: 1\nEn"..., 2799) = 2799
3449  write(1, "\33[2J", 4)             = 4
3449  write(1, "Player position: 4 4\nLevel: 1\nEn"..., 2799) = 2799
3449  write(1, "No more lives left. Game over!\n", 31) = 31
3449  exit_group(0)                     = ?
3449  +++ exited with 0 +++
