3397  execve("/workspace/babygame03/game", ["/workspace/babygame03/game"], 0x7fff23f48718 /* 27 vars */) = 0
3397  brk(NULL)                         = 0x8749000
3397  mmap2(NULL, 8192, PROT_READ|PROT_WRITE, MAP_PRIVATE|MAP_ANONYMOUS, -1, 0) = 0xf7f11000
3397  access("/etc/ld.so.preload", R_OK) = -1 ENOENT (No such file or directory)
3397  openat(AT_FDCWD, "/etc/ld.so.cache", O_RDONLY|O_LARGEFILE|O_CLOEXEC) = 5
3397  statx(5, "", AT_STATX_SYNC_AS_STAT|AT_NO_AUTOMOUNT|AT_EMPTY_PATH, STATX_BASIC_STATS, {stx_mask=STATX_BASIC_STATS|STATX_MNT_ID, stx_attributes=0, stx_mode=S_IFREG|0644, stx_size=24791, ...}) = 0
3397  mmap2(NULL, 24791, PROT_READ, MAP_PRIVATE, 5, 0) = 0xf7f0a000
3397  close(5)                          = 0
3397  openat(AT_FDCWD, "/lib32/libc.so.6", O_RDONLY|O_LARGEFILE|O_CLOEXEC) = 5
3397  read(5, "\177ELF\1\1\1\3\0\0\0\0\0\0\0\0\3\0\3\0\1\0\0\0\300P\2\0004\0\0\0"..., 512) = 512
3397  statx(5, "", AT_STATX_SYNC_AS_STAT|AT_NO_AUTOMOUNT|AT_EMPTY_PATH, STATX_BASIC_STATS, {stx_mask=STATX_BASIC_STATS|STATX_MNT_ID, stx_attributes=0, stx_mode=S_IFREG|0755, stx_size=2323248, ...}) = 0
3397  mmap2(NULL, 2357552, PROT_READ, MAP_PRIVATE|MAP_DENYWRITE, 5, 0) = 0xf7cca000
3397  mmap2(0xf7ced000, 1617920, PROT_READ|PROT_EXEC, MAP_PRIVATE|MAP_FIXED|MAP_DENYWRITE, 5, 0x23000) = 0xf7ced000
3397  mmap2(0xf7e78000, 544768, PROT_READ, MAP_PRIVATE|MAP_FIXED|MAP_DENYWRITE, 5, 0x1ae000) = 0xf7e78000
3397  mmap2(0xf7efd000, 12288, PROT_READ|PROT_WRITE, MAP_PRIVATE|MAP_FIXED|MAP_DENYWRITE, 5, 0x233000) = 0xf7efd000
3397  mmap2(0xf7f00000, 39216, PROT_READ|PROT_WRITE, MAP_PRIVATE|MAP_FIXED|MAP_ANONYMOUS, -1, 0) = 0xf7f00000
3397  close(5)                          = 0
3397  set_thread_area({entry_number=-1, base_addr=0xf7f12500, limit=0x0fffff, seg_32bit=1, contents=0, read_exec_only=0, limit_in_pages=1, seg_not_present=0, useable=1}) = 0 (entry_number=12)
3397  set_tid_address(0xf7f12568)       = 3397
3397  set_robust_list(0xf7f1256c, 12)   = 0
3397  rseq(0xf7f12480, 0x20, 0, 0x53053053) = 0
3397  mprotect(0xf7efd000, 8192, PROT_READ) = 0
3397  mprotect(0x804b000, 4096, PROT_READ) = 0
3397  mprotect(0xf7f4d000, 8192, PROT_READ) = 0
3397  ugetrlimit(RLIMIT_STACK, {rlim_cur=8192*1024, rlim_max=RLIM_INFINITY}) = 0
3397  munmap(0xf7f0a000, 24791)         = 0
3397  statx(1, "", AT_STATX_SYNC_AS_STAT|AT_NO_AUTOMOUNT|AT_EMPTY_PATH, STATX_BASIC_STATS, {stx_mask=STATX_BASIC_STATS|STATX_MNT_ID, stx_attributes=0, stx_mode=S_IFCHR|0666, stx_size=0, ...}) = 0
3397  ioctl(1, TCGETS, 0xff94b7e8)      = -1 ENOTTY (Inappropriate ioctl for device)
3397  getrandom("\x64\x22\x4a\x55", 4, GRND_NONBLOCK) = 4
3397  brk(NULL)                         = 0x8749000
3397  brk(0x876a000)                    = 0x876a000
3397  brk(0x876b000)                    = 0x876b000
3397  write(1, "\33[2J", 4)             = 4
3397  write(1, "Player position: 4 4\nLevel: 1\nEn"..., 2800) = 2800
3397  rt_sigaction(SIGINT, {sa_handler=0x8049216, sa_mask=[INT], sa_flags=SA_RESTART}, {sa_handler=SIG_DFL, sa_mask=[], sa_flags=0}, 8) = 0
3397  statx(0, "", AT_STATX_SYNC_AS_STAT|AT_NO_AUTOMOUNT|AT_EMPTY_PATH, STATX_BASIC_STATS, {stx_mask=STATX_BASIC_STATS|STATX_MNT_ID, stx_attributes=0, stx_mode=S_IFIFO|0600, stx_size=0, ...}) = 0
3397  read(0, "d\n", 4096)              = 2
3397  write(1, "\33[2J", 4)             = 4
3397  write(1, "Player position: 4 5\nLevel: 1\nEn"..., 2800) = 2800
3397  write(1, "\33[2J", 4)             = 4
3397  write(1, "Player position: 4 5\nLevel: 1\nEn"..., 2800) = 2800
3397  read(0, "", 4096)                 = 0
3397  write(1, "\33[2J", 4)             = 4
3397  write(1, "Player position: 4 5\nLevel: 1\nEn"..., 2800) = 2800
3397  write(1, "\33[2J", 4)             = 4
3397  write(1, "Player position: 4 5\nLevel: 1\nEn"..., 2800) = 2800
3397  write(1, "\33[2J", 4)             = 4
3397  write(1, "Player position: 4 5\nLevel: 1\nEn"..., 2800) = 2800
3397  write(1, "\33[2J", 4)             = 4
3397  write(1, "Player position: 4 5\nLevel: 1\nEn"..., 2800) = 2800
3397  write(1, "\33[2J", 4)             = 4
3397  write(1, "Player position: 4 5\nLevel: 1\nEn"..., 2800) = 2800
3397  write(1, "\33[2J", 4)             = 4
3397  write(1, "Player position: 4 5\nLevel: 1\nEn"..., 2800) = 2800
3397  write(1, "\33[2J", 4)             = 4
3397  write(1, "Player position: 4 5\nLevel: 1\nEn"..., 2800) = 2800
3397  write(1, "\33[2J", 4)             = 4
3397  write(1, "Player position: 4 5\nLevel: 1\nEn"..., 2800) = 2800
3397  write(1, "\33[2J", 4)             = 4
3397  write(1, "Player position: 4 5\nLevel: 1\nEn"..., 2800) = 2800
3397  write(1, "\33[2J", 4)             = 4
3397  write(1, "Player position: 4 5\nLevel: 1\nEn"..., 2800) = 2800
3397  write(1, "\33[2J", 4)             = 4
3397  write(1, "Player position: 4 5\nLevel: 1\nEn"..., 2800) = 2800
3397  write(1, "\33[2J", 4)             = 4
3397  write(1, "Player position: 4 5\nLevel: 1\nEn"..., 2800) = 2800
3397  write(1, "\33[2J", 4)             = 4
3397  write(1, "Player position: 4 5\nLevel: 1\nEn"..., 2800) = 2800
3397  write(1, "\33[2J", 4)             = 4
3397  write(1, "Player position: 4 5\nLevel: 1\nEn"..., 2800) = 2800
3397  write(1, "\33[2J", 4)             = 4
3397  write(1, "Player position: 4 5\nLevel: 1\nEn"..., 2800) = 2800
3397  write(1, "\33[2J", 4)             = 4
3397  write(1, "Player position: 4 5\nLevel: 1\nEn"..., 2800) = 2800
3397  write(1, "\33[2J", 4)             = 4
3397  write(1, "Player position: 4 5\nLevel: 1\nEn"..., 2800) = 2800
3397  write(1, "\33[2J", 4)             = 4
3397  write(1, "Player position: 4 5\nLevel: 1\nEn"..., 2800) = 2800
3397  write(1, "\33[2J", 4)             = 4
3397  write(1, "Player position: 4 5\nLevel: 1\nEn"..., 2800) = 2800
3397  write(1, "\33[2J", 4)             = 4
3397  write(1, "Player position: 4 5\nLevel: 1\nEn"..., 2800) = 2800
3397  write(1, "\33[2J", 4)             = 4
3397  write(1, "Player position: 4 5\nLevel: 1\nEn"..., 2800) = 2800
3397  write(1, "\33[2J", 4)             = 4
3397  write(1, "Player position: 4 5\nLevel: 1\nEn"..., 2800) = 2800
3397  write(1, "\33[2J", 4)             = 4
3397  write(1, "Player position: 4 5\nLevel: 1\nEn"..., 2800) = 2800
3397  write(1, "\33[2J", 4)             = 4
3397  write(1, "Player position: 4 5\nLevel: 1\nEn"..., 2800) = 2800
3397  write(1, "\33[2J", 4)             = 4
3397  write(1, "Player position: 4 5\nLevel: 1\nEn"..., 2800) = 2800
3397  write(1, "\33[2J", 4)             = 4
3397  write(1, "Player position: 4 5\nLevel: 1\nEn"..., 2800) = 2800
3397  write(1, "\33[2J", 4)             = 4
3397  write(1, "Player position: 4 5\nLevel: 1\nEn"..., 2800) = 2800
3397  write(1, "\33[2J", 4)             = 4
3397  write(1, "Player position: 4 5\nLevel: 1\nEn"..., 2800) = 2800
3397  write(1, "\33[2J", 4)             = 4
3397  write(1, "Player position: 4 5\nLevel: 1\nEn"..., 2800) = 2800
3397  write(1, "\33[2J", 4)             = 4
3397  write(1, "Player position: 4 5\nLevel: 1\nEn"..., 2800) = 2800
3397  write(1, "\33[2J", 4)             = 4
3397  write(1, "Player position: 4 5\nLevel: 1\nEn"..., 2800) = 2800
3397  write(1, "\33[2J", 4)             = 4
3397  write(1, "Player position: 4 5\nLevel: 1\nEn"..., 2800) = 2800
3397  write(1, "\33[2J", 4)             = 4
3397  write(1, "Player position: 4 5\nLevel: 1\nEn"..., 2800) = 2800
3397  write(1, "\33[2J", 4)             = 4
3397  write(1, "Player position: 4 5\nLevel: 1\nEn"..., 2800) = 2800
3397  write(1, "\33[2J", 4)             = 4
3397  write(1, "Player position: 4 5\nLevel: 1\nEn"..., 2800) = 2800
3397  write(1, "\33[2J", 4)             = 4
3397  write(1, "Player position: 4 5\nLevel: 1\nEn"..., 2800) = 2800
3397  write(1, "\33[2J", 4)             = 4
3397  write(1, "Player position: 4 5\nLevel: 1\nEn"..., 2800) = 2800
3397  write(1, "\33[2J", 4)             = 4
3397  write(1, "Player position: 4 5\nLevel: 1\nEn"..., 2800) = 2800
3397  write(1, "\33[2J", 4)             = 4
3397  write(1, "Player position: 4 5\nLevel: 1\nEn"..., 2799) = 2799
3397  write(1, "\33[2J", 4)             = 4
3397  write(1, "Player position: 4 5\nLevel: 1\nEn"..., 2799) = 2799
3397  write(1, "\33[2J", 4)             = 4
3397  write(1, "Player position: 4 5\nLevel: 1\nEn"..., 2799) = 2799
3397  write(1, "\33[2J", 4)             = 4
3397  write(1, "Player position: 4 5\nLevel: 1\nEn"..., 2799) = 2799
3397  write(1, "\33[2J", 4)             = 4
3397  write(1, "Player position: 4 5\nLevel: 1\nEn"..., 2799) = 2799
3397  write(1, "\33[2J", 4)             = 4
3397  write(1, "Player position: 4 5\nLevel: 1\nEn"..., 2799) = 2799
3397  write(1, "\33[2J", 4)             = 4
3397  write(1, "Player position: 4 5\nLevel: 1\nEn"..., 2799) = 2799
3397  write(1, "\33[2J", 4)             = 4
3397  write(1, "Player position: 4 5\nLevel: 1\nEn"..., 2799) = 2799
3397  write(1, "\33[2J", 4)             = 4
3397  write(1, "Player position: 4 5\nLevel: 1\nEn"..., 2799) = 2799
3397  write(1, "\33[2J", 4)             = 4
3397  write(1, "Player position: 4 5\nLevel: 1\nEn"..., 2799) = 2799
3397  write(1, "No more lives left. Game over!\n", 31) = 31
3397  exit_group(0)                     = ?
3397  +++ exited with 0 +++
