3425  execve("/workspace/babygame03/game", ["/workspace/babygame03/game"], 0x7fffabeac908 /* 27 vars */) = 0
3425  brk(NULL)                         = 0x968a000
3425  mmap2(NULL, 8192, PROT_READ|PROT_WRITE, MAP_PRIVATE|MAP_ANONYMOUS, -1, 0) = 0xf7f12000
3425  access("/etc/ld.so.preload", R_OK) = -1 ENOENT (No such file or directory)
3425  openat(AT_FDCWD, "/etc/ld.so.cache", O_RDONLY|O_LARGEFILE|O_CLOEXEC) = 5
3425  statx(5, "", AT_STATX_SYNC_AS_STAT|AT_NO_AUTOMOUNT|AT_EMPTY_PATH, STATX_BASIC_STATS, {stx_mask=STATX_BASIC_STATS|STATX_MNT_ID, stx_attributes=0, stx_mode=S_IFREG|0644, stx_size=24791, ...}) = 0
3425  mmap2(NULL, 24791, PROT_READ, MAP_PRIVATE, 5, 0) = 0xf7f0b000
3425  close(5)                          = 0
3425  openat(AT_FDCWD, "/lib32/libc.so.6", O_RDONLY|O_LARGEFILE|O_CLOEXEC) = 5
3425  read(5, "\177ELF\1\1\1\3\0\0\0\0\0\0\0\0\3\0\3\0\1\0\0\0\300P\2\0004\0\0\0"..., 512) = 512
3425  statx(5, "", AT_STATX_SYNC_AS_STAT|AT_NO_AUTOMOUNT|AT_EMPTY_PATH, STATX_BASIC_STATS, {stx_mask=STATX_BASIC_STATS|STATX_MNT_ID, stx_attributes=0, stx_mode=S_IFREG|0755, stx_size=2323248, ...}) = 0
3425  mmap2(NULL, 2357552, PROT_READ, MAP_PRIVATE|MAP_DENYWRITE, 5, 0) = 0xf7ccb000
3425  mmap2(0xf7cee000, 1617920, PROT_READ|PROT_EXEC, MAP_PRIVATE|MAP_FIXED|MAP_DENYWRITE, 5, 0x23000) = 0xf7cee000
3425  mmap2(0xf7e79000, 544768, PROT_READ, MAP_PRIVATE|MAP_FIXED|MAP_DENYWRITE, 5, 0x1ae000) = 0xf7e79000
3425  mmap2(0xf7efe000, 12288, PROT_READ|PROT_WRITE, MAP_PRIVATE|MAP_FIXED|MAP_DENYWRITE, 5, 0x233000) = 0xf7efe000
3425  mmap2(0xf7f01000, 39216, PROT_READ|PROT_WRITE, MAP_PRIVATE|MAP_FIXED|MAP_ANONYMOUS, -1, 0) = 0xf7f01000
3425  close(5)                          = 0
3425  set_thread_area({entry_number=-1, base_addr=0xf7f13500, limit=0x0fffff, seg_32bit=1, contents=0, read_exec_only=0, limit_in_pages=1, seg_not_present=0, useable=1}) = 0 (entry_number=12)
3425  set_tid_address(0xf7f13568)       = 3425
3425  set_robust_list(0xf7f1356c, 12)   = 0
3425  rseq(0xf7f13480, 0x20, 0, 0x53053053) = 0
3425  mprotect(0xf7efe000, 8192, PROT_READ) = 0
3425  mprotect(0x804b000, 4096, PROT_READ) = 0
3425  mprotect(0xf7f4e000, 8192, PROT_READ) = 0
3425  ugetrlimit(RLIMIT_STACK, {rlim_cur=8192*1024, rlim_max=RLIM_INFINITY}) = 0
3425  munmap(0xf7f0b000, 24791)         = 0
3425  statx(1, "", AT_STATX_SYNC_AS_STAT|AT_NO_AUTOMOUNT|AT_EMPTY_PATH, STATX_BASIC_STATS, {stx_mask=STATX_BASIC_STATS|STATX_MNT_ID, stx_attributes=0, stx_mode=S_IFCHR|0666, stx_size=0, ...}) = 0
3425  ioctl(1, TCGETS, 0xffb08178)      = -1 ENOTTY (Inappropriate ioctl for device)
3425  getrandom("\xbb\xd3\x8a\x8f", 4, GRND_NONBLOCK) = 4
3425  brk(NULL)                         = 0x968a000
3425  brk(0x96ab000)                    = 0x96ab000
3425  brk(0x96ac000)                    = 0x96ac000
3425  write(1, "\33[2J", 4)             = 4
3425  write(1, "Player position: 4 4\nLevel: 1\nEn"..., 2800) = 2800
3425  rt_sigaction(SIGINT, {sa_handler=0x8049216, sa_mask=[INT], sa_flags=SA_RESTART}, {sa_handler=SIG_DFL, sa_mask=[], sa_flags=0}, 8) = 0
3425  statx(0, "", AT_STATX_SYNC_AS_STAT|AT_NO_AUTOMOUNT|AT_EMPTY_PATH, STATX_BASIC_STATS, {stx_mask=STATX_BASIC_STATS|STATX_MNT_ID, stx_attributes=0, stx_mode=S_IFIFO|0600, stx_size=0, ...}) = 0
3425  read(0, "p\n", 4096)              = 2
3425  write(1, "\33[2J", 4)             = 4
3425  write(1, "Player position: 4 5\nLevel: 1\nEn"..., 2800) = 2800
3425  write(1, "\33[2J", 4)             = 4
3425  write(1, "Player position: 4 6\nLevel: 1\nEn"..., 2800) = 2800
3425  write(1, "\33[2J", 4)             = 4
3425  write(1, "Player position: 4 7\nLevel: 1\nEn"..., 2800) = 2800
3425  write(1, "\33[2J", 4)             = 4
3425  write(1, "Player position: 4 8\nLevel: 1\nEn"..., 2800) = 2800
3425  write(1, "\33[2J", 4)             = 4
3425  write(1, "Player position: 4 9\nLevel: 1\nEn"..., 2800) = 2800
3425  write(1, "\33[2J", 4)             = 4
3425  write(1, "Player position: 4 10\nLevel: 1\nE"..., 2801) = 2801
3425  write(1, "\33[2J", 4)             = 4
3425  write(1, "Player position: 4 11\nLevel: 1\nE"..., 2801) = 2801
3425  write(1, "\33[2J", 4)             = 4
3425  write(1, "Player position: 4 12\nLevel: 1\nE"..., 2801) = 2801
3425  write(1, "\33[2J", 4)             = 4
3425  write(1, "Player position: 4 13\nLevel: 1\nE"..., 2801) = 2801
3425  write(1, "\33[2J", 4)             = 4
3425  write(1, "Player position: 4 14\nLevel: 1\nE"..., 2801) = 2801
3425  write(1, "\33[2J", 4)             = 4
3425  write(1, "Player position: 4 15\nLevel: 1\nE"..., 2801) = 2801
3425  write(1, "\33[2J", 4)             = 4
3425  write(1, "Player position: 4 16\nLevel: 1\nE"..., 2801) = 2801
3425  write(1, "\33[2J", 4)             = 4
3425  write(1, "Player position: 4 17\nLevel: 1\nE"..., 2801) = 2801
3425  write(1, "\33[2J", 4)             = 4
3425  write(1, "Player position: 4 18\nLevel: 1\nE"..., 2801) = 2801
3425  write(1, "\33[2J", 4)             = 4
3425  write(1, "Player position: 4 19\nLevel: 1\nE"..., 2801) = 2801
3425  write(1, "\33[2J", 4)             = 4
3425  write(1, "Player position: 4 20\nLevel: 1\nE"..., 2801) = 2801
3425  write(1, "\33[2J", 4)             = 4
3425  write(1, "Player position: 4 21\nLevel: 1\nE"..., 2801) = 2801
3425  write(1, "\33[2J", 4)             = 4
3425  write(1, "Player position: 4 22\nLevel: 1\nE"..., 2801) = 2801
3425  write(1, "\33[2J", 4)             = 4
3425  write(1, "Player position: 4 23\nLevel: 1\nE"..., 2801) = 2801
3425  write(1, "\33[2J", 4)             = 4
3425  write(1, "Player position: 4 24\nLevel: 1\nE"..., 2801) = 2801
3425  write(1, "\33[2J", 4)             = 4
3425  write(1, "Player position: 4 25\nLevel: 1\nE"..., 2801) = 2801
3425  write(1, "\33[2J", 4)             = 4
3425  write(1, "Player position: 4 26\nLevel: 1\nE"..., 2801) = 2801
3425  write(1, "\33[2J", 4)             = 4
3425  write(1, "Player position: 4 27\nLevel: 1\nE"..., 2801) = 2801
3425  write(1, "\33[2J", 4)             = 4
3425  write(1, "Player position: 4 28\nLevel: 1\nE"..., 2801) = 2801
3425  write(1, "\33[2J", 4)             = 4
3425  write(1, "Player position: 4 29\nLevel: 1\nE"..., 2801) = 2801
3425  write(1, "\33[2J", 4)             = 4
3425  write(1, "Player position: 4 30\nLevel: 1\nE"..., 2801) = 2801
3425  write(1, "\33[2J", 4)             = 4
3425  write(1, "Player position: 4 31\nLevel: 1\nE"..., 2801) = 2801
3425  write(1, "\33[2J", 4)             = 4
3425  write(1, "Player position: 4 32\nLevel: 1\nE"..., 2801) = 2801
3425  write(1, "\33[2J", 4)             = 4
3425  write(1, "Player position: 4 33\nLevel: 1\nE"..., 2801) = 2801
3425  write(1, "\33[2J", 4)             = 4
3425  write(1, "Player position: 4 34\nLevel: 1\nE"..., 2801) = 2801
3425  write(1, "\33[2J", 4)             = 4
3425  write(1, "Player position: 4 35\nLevel: 1\nE"..., 2801) = 2801
3425  write(1, "\33[2J", 4)             = 4
3425  write(1, "Player position: 4 36\nLevel: 1\nE"..., 2801) = 2801
3425  write(1, "\33[2J", 4)             = 4
3425  write(1, "Player position: 4 37\nLevel: 1\nE"..., 2801) = 2801
3425  write(1, "\33[2J", 4)             = 4
3425  write(1, "Player position: 4 38\nLevel: 1\nE"..., 2801) = 2801
3425  write(1, "\33[2J", 4)             = 4
3425  write(1, "Player position: 4 39\nLevel: 1\nE"..., 2801) = 2801
3425  write(1, "\33[2J", 4)             = 4
3425  write(1, "Player position: 4 40\nLevel: 1\nE"..., 2801) = 2801
3425  write(1, "\33[2J", 4)             = 4
3425  write(1, "Player position: 4 41\nLevel: 1\nE"..., 2801) = 2801
3425  write(1, "\33[2J", 4)             = 4
3425  write(1, "Player position: 4 42\nLevel: 1\nE"..., 2801) = 2801
3425  write(1, "\33[2J", 4)             = 4
3425  write(1, "Player position: 4 43\nLevel: 1\nE"..., 2801) = 2801
3425  write(1, "\33[2J", 4)             = 4
3425  write(1, "Player position: 4 44\nLevel: 1\nE"..., 2801) = 2801
3425  write(1, "\33[2J", 4)             = 4
3425  write(1, "Player position: 4 45\nLevel: 1\nE"..., 2800) = 2800
3425  write(1, "\33[2J", 4)             = 4
3425  write(1, "Player position: 4 46\nLevel: 1\nE"..., 2800) = 2800
3425  write(1, "\33[2J", 4)             = 4
3425  write(1, "Player position: 4 47\nLevel: 1\nE"..., 2800) = 2800
3425  write(1, "\33[2J", 4)             = 4
3425  write(1, "Player position: 4 48\nLevel: 1\nE"..., 2800) = 2800
3425  write(1, "\33[2J", 4)             = 4
3425  write(1, "Player position: 4 49\nLevel: 1\nE"..., 2800) = 2800
3425  write(1, "\33[2J", 4)             = 4
3425  write(1, "Player position: 4 50\nLevel: 1\nE"..., 2800) = 2800
3425  write(1, "\33[2J", 4)             = 4
3425  write(1, "Player position: 4 51\nLevel: 1\nE"..., 2800) = 2800
3425  write(1, "\33[2J", 4)             = 4
3425  write(1, "Player position: 4 52\nLevel: 1\nE"..., 2800) = 2800
3425  write(1, "\33[2J", 4)             = 4
3425  write(1, "Player position: 4 53\nLevel: 1\nE"..., 2800) = 2800
3425  write(1, "\33[2J", 4)             = 4
3425  write(1, "Player position: 4 54\nLevel: 1\nE"..., 2800) = 2800
3425  write(1, "No more lives left. Game over!\n", 31) = 31
3425  _llseek(0, -1, 0xffb082e0, SEEK_CUR) = -1 ESPIPE (Illegal seek)
3425  exit_group(0)                     = ?
3425  +++ exited with 0 +++
