3445  execve("/workspace/babygame03/game", ["/workspace/babygame03/game"], 0x7ffc59de08b8 /* 27 vars */) = 0
3445  brk(NULL)                         = 0x907e000
3445  mmap2(NULL, 8192, PROT_READ|PROT_WRITE, MAP_PRIVATE|MAP_ANONYMOUS, -1, 0) = 0xf7ee0000
3445  access("/etc/ld.so.preload", R_OK) = -1 ENOENT (No such file or directory)
3445  openat(AT_FDCWD, "/etc/ld.so.cache", O_RDONLY|O_LARGEFILE|O_CLOEXEC) = 5
3445  statx(5, "", AT_STATX_SYNC_AS_STAT|AT_NO_AUTOMOUNT|AT_EMPTY_PATH, STATX_BASIC_STATS, {stx_mask=STATX_BASIC_STATS|STATX_MNT_ID, stx_attributes=0, stx_mode=S_IFREG|0644, stx_size=24791, ...}) = 0
3445  mmap2(NULL, 24791, PROT_READ, MAP_PRIVATE, 5, 0) = 0xf7ed9000
3445  close(5)                          = 0
3445  openat(AT_FDCWD, "/lib32/libc.so.6", O_RDONLY|O_LARGEFILE|O_CLOEXEC) = 5
3445  read(5, "\177ELF\1\1\1\3\0\0\0\0\0\0\0\0\3\0\3\0\1\0\0\0\300P\2\0004\0\0\0"..., 512) = 512
3445  statx(5, "", AT_STATX_SYNC_AS_STAT|AT_NO_AUTOMOUNT|AT_EMPTY_PATH, STATX_BASIC_STATS, {stx_mask=STATX_BASIC_STATS|STATX_MNT_ID, stx_attributes=0, stx_mode=S_IFREG|0755, stx_size=2323248, ...}) = 0
3445  mmap2(NULL, 2357552, PROT_READ, MAP_PRIVATE|MAP_DENYWRITE, 5, 0) = 0xf7c99000
3445  mmap2(0xf7cbc000, 1617920, PROT_READ|PROT_EXEC, MAP_PRIVATE|MAP_FIXED|MAP_DENYWRITE, 5, 0x23000) = 0xf7cbc000
3445  mmap2(0xf7e47000, 544768, PROT_READ, MAP_PRIVATE|MAP_FIXED|MAP_DENYWRITE, 5, 0x1ae000) = 0xf7e47000
3445  mmap2(0xf7ecc000, 12288, PROT_READ|PROT_WRITE, MAP_PRIVATE|MAP_FIXED|MAP_DENYWRITE, 5, 0x233000) = 0xf7ecc000
3445  mmap2(0xf7ecf000, 39216, PROT_READ|PROT_WRITE, MAP_PRIVATE|MAP_FIXED|MAP_ANONYMOUS, -1, 0) = 0xf7ecf000
3445  close(5)                          = 0
3445  set_thread_area({entry_number=-1, base_addr=0xf7ee1500, limit=0x0fffff, seg_32bit=1, contents=0, read_exec_only=0, limit_in_pages=1, seg_not_present=0, useable=1}) = 0 (entry_number=12)
3445  set_tid_address(0xf7ee1568)       = 3445
3445  set_robust_list(0xf7ee156c, 12)   = 0
3445  rseq(0xf7ee1480, 0x20, 0, 0x53053053) = 0
3445  mprotect(0xf7ecc000, 8192, PROT_READ) = 0
3445  mprotect(0x804b000, 4096, PROT_READ) = 0
3445  mprotect(0xf7f1c000, 8192, PROT_READ) = 0
3445  ugetrlimit(RLIMIT_STACK, {rlim_cur=8192*1024, rlim_max=RLIM_INFINITY}) = 0
3445  munmap(0xf7ed9000, 24791)         = 0
3445  statx(1, "", AT_STATX_SYNC_AS_STAT|AT_NO_AUTOMOUNT|AT_EMPTY_PATH, STATX_BASIC_STATS, {stx_mask=STATX_BASIC_STATS|STATX_MNT_ID, stx_attributes=0, stx_mode=S_IFCHR|0666, stx_size=0, ...}) = 0
3445  ioctl(1, TCGETS, 0xfff06f58)      = -1 ENOTTY (Inappropriate ioctl for device)
3445  getrandom("\xdf\x02\x30\x74", 4, GRND_NONBLOCK) = 4
3445  brk(NULL)                         = 0x907e000
3445  brk(0x909f000)                    = 0x909f000
3445  brk(0x90a0000)                    = 0x90a0000
3445  write(1, "\33[2J", 4)             = 4
3445  write(1, "Player position: 4 4\nLevel: 1\nEn"..., 2800) = 2800
3445  rt_sigaction(SIGINT, {sa_handler=0x8049216, sa_mask=[INT], sa_flags=SA_RESTART}, {sa_handler=SIG_DFL, sa_mask=[], sa_flags=0}, 8) = 0
3445  statx(0, "", AT_STATX_SYNC_AS_STAT|AT_NO_AUTOMOUNT|AT_EMPTY_PATH, STATX_BASIC_STATS, {stx_mask=STATX_BASIC_STATS|STATX_MNT_ID, stx_attributes=0, stx_mode=S_IFIFO|0600, stx_size=0, ...}) = 0
3445  read(0, "n\n", 4096)              = 2
3445  write(1, "\33[2J", 4)             = 4
3445  write(1, "Player position: 4 4\nLevel: 1\nEn"..., 2800) = 2800
3445  write(1, "\33[2J", 4)             = 4
3445  write(1, "Player position: 4 4\nLevel: 1\nEn"..., 2800) = 2800
3445  read(0, "", 4096)                 = 0
3445  write(1, "\33[2J", 4)             = 4
3445  write(1, "Player position: 4 4\nLevel: 1\nEn"..., 2800) = 2800
3445  write(1, "\33[2J", 4)             = 4
3445  write(1, "Player position: 4 4\nLevel: 1\nEn"..., 2800) = 2800
3445  write(1, "\33[2J", 4)             = 4
3445  write(1, "Player position: 4 4\nLevel: 1\nEn"..., 2800) = 2800
3445  write(1, "\33[2J", 4)             = 4
3445  write(1, "Player position: 4 4\nLevel: 1\nEn"..., 2800) = 2800
3445  write(1, "\33[2J", 4)             = 4
3445  write(1, "Player position: 4 4\nLevel: 1\nEn"..., 2800) = 2800
3445  write(1, "\33[2J", 4)             = 4
3445  write(1, "Player position: 4 4\nLevel: 1\nEn"..., 2800) = 2800
3445  write(1, "\33[2J", 4)             = 4
3445  write(1, "Player position: 4 4\nLevel: 1\nEn"..., 2800) = 2800
3445  write(1, "\33[2J", 4)             = 4
3445  write(1, "Player position: 4 4\nLevel: 1\nEn"..., 2800) = 2800
3445  write(1, "\33[2J", 4)             = 4
3445  write(1, "Player position: 4 4\nLevel: 1\nEn"..., 2800) = 2800
3445  write(1, "\33[2J", 4)             = 4
3445  write(1, "Player position: 4 4\nLevel: 1\nEn"..., 2800) = 2800
3445  write(1, "\33[2J", 4)             = 4
3445  write(1, "Player position: 4 4\nLevel: 1\nEn"..., 2800) = 2800
3445  write(1, "\33[2J", 4)             = 4
3445  write(1, "Player position: 4 4\nLevel: 1\nEn"..., 2800) = 2800
3445  write(1, "\33[2J", 4)             = 4
3445  write(1, "Player position: 4 4\nLevel: 1\nEn"..., 2800) = 2800
3445  write(1, "\33[2J", 4)             = 4
3445  write(1, "Player position: 4 4\nLevel: 1\nEn"..., 2800) = 2800
3445  write(1, "\33[2J", 4)             = 4
3445  write(1, "Player position: 4 4\nLevel: 1\nEn"..., 2800) = 2800
3445  write(1, "\33[2J", 4)             = 4
3445  write(1, "Player position: 4 4\nLevel: 1\nEn"..., 2800) = 2800
3445  write(1, "\33[2J", 4)             = 4
3445  write(1, "Player position: 4 4\nLevel: 1\nEn"..., 2800) = 2800
3445  write(1, "\33[2J", 4)             = 4
3445  write(1, "Player position: 4 4\nLevel: 1\nEn"..., 2800) = 2800
3445  write(1, "\33[2J", 4)             = 4
3445  write(1, "Player position: 4 4\nLevel: 1\nEn"..., 2800) = 2800
3445  write(1, "\33[2J", 4)             = 4
3445  write(1, "Player position: 4 4\nLevel: 1\nEn"..., 2800) = 2800
3445  write(1, "\33[2J", 4)             = 4
3445  write(1, "Player position: 4 4\nLevel: 1\nEn"..., 2800) = 2800
3445  write(1, "\33[2J", 4)             = 4
3445  write(1, "Player position: 4 4\nLevel: 1\nEn"..., 2800) = 2800
3445  write(1, "\33[2J", 4)             = 4
3445  write(1, "Player position: 4 4\nLevel: 1\nEn"..., 2800) = 2800
3445  write(1, "\33[2J", 4)             = 4
3445  write(1, "Player position: 4 4\nLevel: 1\nEn"..., 2800) = 2800
3445  write(1, "\33[2J", 4)             = 4
3445  write(1, "Player position: 4 4\nLevel: 1\nEn"..., 2800) = 2800
3445  write(1, "\33[2J", 4)             = 4
3445  write(1, "Player position: 4 4\nLevel: 1\nEn"..., 2800) = 2800
3445  write(1, "\33[2J", 4)             = 4
3445  write(1, "Player position: 4 4\nLevel: 1\nEn"..., 2800) = 2800
3445  write(1, "\33[2J", 4)             = 4
3445  write(1, "Player position: 4 4\nLevel: 1\nEn"..., 2800) = 2800
3445  write(1, "\33[2J", 4)             = 4
3445  write(1, "Player position: 4 4\nLevel: 1\nEn"..., 2800) = 2800
3445  write(1, "\33[2J", 4)             = 4
3445  write(1, "Player position: 4 4\nLevel: 1\nEn"..., 2800) = 2800
3445  write(1, "\33[2J", 4)             = 4
3445  write(1, "Player position: 4 4\nLevel: 1\nEn"..., 2800) = 2800
3445  write(1, "\33[2J", 4)             = 4
3445  write(1, "Player position: 4 4\nLevel: 1\nEn"..., 2800) = 2800
3445  write(1, "\33[2J", 4)             = 4
3445  write(1, "Player position: 4 4\nLevel: 1\nEn"..., 2800) = 2800
3445  write(1, "\33[2J", 4)             = 4
3445  write(1, "Player position: 4 4\nLevel: 1\nEn"..., 2800) = 2800
3445  write(1, "\33[2J", 4)             = 4
3445  write(1, "Player position: 4 4\nLevel: 1\nEn"..., 2800) = 2800
3445  write(1, "\33[2J", 4)             = 4
3445  write(1, "Player position: 4 4\nLevel: 1\nEn"..., 2800) = 2800
3445  write(1, "\33[2J", 4)             = 4
3445  write(1, "Player position: 4 4\nLevel: 1\nEn"..., 2800) = 2800
3445  write(1, "\33[2J", 4)             = 4
3445  write(1, "Player position: 4 4\nLevel: 1\nEn"..., 2800) = 2800
3445  write(1, "\33[2J", 4)             = 4
3445  write(1, "Player position: 4 4\nLevel: 1\nEn"..., 2799) = 2799
3445  write(1, "\33[2J", 4)             = 4
3445  write(1, "Player position: 4 4\nLevel: 1\nEn"..., 2799) = 2799
3445  write(1, "\33[2J", 4)             = 4
3445  write(1, "Player position: 4 4\nLevel: 1\nEn"..., 2799) = 2799
3445  write(1, "\33[2J", 4)             = 4
3445  write(1, "Player position: 4 4\nLevel: 1\nEn"..., 2799) = 2799
3445  write(1, "\33[2J", 4)             = 4
3445  write(1, "Player position: 4 4\nLevel: 1\nEn"..., 2799) = 2799
3445  write(1, "\33[2J", 4)             = 4
3445  write(1, "Player position: 4 4\nLevel: 1\nEn"..., 2799) = 2799
3445  write(1, "\33[2J", 4)             = 4
3445  write(1, "Player position: 4 4\nLevel: 1\nEn"..., 2799) = 2799
3445  write(1, "\33[2J", 4)             = 4
3445  write(1, "Player position: 4 4\nLevel: 1\nEn"..., 2799) = 2799
3445  write(1, "\33[2J", 4)             = 4
3445  write(1, "Player position: 4 4\nLevel: 1\nEn"..., 2799) = 2799
3445  write(1, "\33[2J", 4)             = 4
3445  write(1, "Player position: 4 4\nLevel: 1\nEn"..., 2799) = 2799
3445  write(1, "No more lives left. Game over!\n", 31) = 31
3445  exit_group(0)                     = ?
3445  +++ exited with 0 +++
