GMP-ECM 7.0.6 [configured with GMP 6.3.0, --enable-asm-redc] [ECM]
Input number is 8110811094069266480745823543933767240072396861442265035407713647337730830751023671618171555125664136748412088230039411442092043295453880735938238777860985694962826111129533680366956211595831197712376188069591435278106489565999493223044111461445524957062624809306647755056328250455428307021378254036891726570252525740510355226565257689258322111195176094633565118502183379962066388191906039645008502092544265938311166806733481739249316948418877611128634958776359753199897263877821453462574083751017510354302053914975387469256387992175739535738866910506253826240263197420364291377848980161197244950543511305005641498657 (616 digits)
Using B1=100000, B2=35857930, polynomial x^2, sigma=1:265196831
Step 1 took 1417ms
Step 2 took 496ms
Run 2 out of 50:
Using B1=100000, B2=35857930, polynomial x^2, sigma=1:112624351
Step 1 took 1343ms
Step 2 took 489ms
Run 3 out of 50:
Using B1=100000, B2=35857930, polynomial x^2, sigma=1:47193814
Step 1 took 1346ms
Step 2 took 490ms
Run 4 out of 50:
Using B1=100000, B2=35857930, polynomial x^2, sigma=1:235114164
Step 1 took 1351ms
Step 2 took 492ms
Run 5 out of 50:
Using B1=100000, B2=35857930, polynomial x^2, sigma=1:1834902264
Step 1 took 1355ms
Step 2 took 498ms
Run 6 out of 50:
Using B1=100000, B2=35857930, polynomial x^2, sigma=1:3489403190
Step 1 took 1363ms
Step 2 took 505ms
Run 7 out of 50:
Using B1=100000, B2=35857930, polynomial x^2, sigma=1:1456194329
Step 1 took 1357ms
Step 2 took 495ms
Run 8 out of 50:
Using B1=100000, B2=35857930, polynomial x^2, sigma=1:1738042997
Step 1 took 1370ms
Step 2 took 493ms
Run 9 out of 50:
Using B1=100000, B2=35857930, polynomial x^2, sigma=1:233540201
Step 1 took 1347ms
Step 2 took 497ms
Run 10 out of 50:
Using B1=100000, B2=35857930, polynomial x^2, sigma=1:2665273466
Step 1 took 1354ms
Step 2 took 499ms
Run 11 out of 50:
Using B1=100000, B2=35857930, polynomial x^2, sigma=1:382743673
Step 1 took 1354ms
Step 2 took 501ms
Run 12 out of 50:
Using B1=100000, B2=35857930, polynomial x^2, sigma=1:504291712
Step 1 took 1363ms
Step 2 took 519ms
Run 13 out of 50:
Using B1=100000, B2=35857930, polynomial x^2, sigma=1:4285297540
Step 1 took 1380ms
Step 2 took 499ms
Run 14 out of 50:
Using B1=100000, B2=35857930, polynomial x^2, sigma=1:2197771996
Step 1 took 1348ms
Step 2 took 502ms
Run 15 out of 50:
Using B1=100000, B2=35857930, polynomial x^2, sigma=1:3298665848
Step 1 took 1350ms
