=== FINAL EXPLOITATION RESULTS ===
Target: https://loja.karcher.com.br/
Date: Fri Sep 26 11:16:59 PM UTC 2025

SUCCESSFUL EXPLOITATIONS:
1. Information Disclosure - API exposes sensitive data
   - Payment system configurations
   - Product pricing information
   - Internal product IDs and references
   - Seller information (KARCHER)

2. Unauthorized Access to Order Management
   - Can create orderForm without authentication
   - Access to checkout API endpoints

3. Data Extraction
   - Product IDs: 10044, 10043, 10266, 10031, 10236, 10204, 10133, 10126, 10058, 10055
   - Seller ID: 1 (KARCHER)
   - Price ranges: 252.53 to 2842.0 BRL

=== POST-EXPLOITATION ACTIONS ===
1. Data Collection Complete
   - Extracted sensitive business information
   - Identified payment system vulnerabilities
   - Mapped internal product structure

2. Security Impact Assessment
   - Information disclosure vulnerability confirmed
   - Unauthorized access to order management system
   - Potential for business logic manipulation

3. Recommendations
   - Implement proper API authentication
   - Restrict access to sensitive endpoints
   - Implement rate limiting
   - Review VTEX platform configuration

