=== RECONNAISSANCE PHASE ===
Target: loja.karcher.com.br
Date: Fri Sep 26 11:11:02 PM UTC 2025

=== DNS/Network Info ===
Target is accessible via HTTPS
Server: nginx
Platform: VTEX e-commerce
CDN: CloudFront (AWS)
Cache: VTEX Cache 2.3.2

=== Website Analysis ===
Platform: VTEX e-commerce
Workspace: master
Custom components found:
- karcher.karcher-custom@0.3.24
- karcher.custom-dropdowns@1.0.0
- karcher.product-comparison-custom@0.0.1

=== API Discovery ===
VTEX API endpoints found:
- /api/catalog_system/pub/products/search
- API is publicly accessible
- Returns detailed product information
- Contains payment system data

